Action.c(6):           </tem:Add>\r\n
Action.c(6):        </soapenv:Body>\r\n
Action.c(6):     </soapenv:Envelope>
Action.c(6): t=38116ms: Connected socket [0] from 192.168.0.128:54693 to 50.62.168.5:80 in 202 ms  	[MsgId: MMSG-26000]
Action.c(6): t=38116ms: 276-byte request headers for "http://www.dneonline.com/calculator.asmx" (RelFrameId=1, Internal ID=94)
Action.c(6):     POST /calculator.asmx HTTP/1.1\r\n
Action.c(6):     Content-Type: text/xml\r\n
Action.c(6):     Cache-Control: no-cache\r\n
Action.c(6):     User-Agent: Mozilla/5.0 (compatible; MSIE 10.0; Windows NT 6.1; Trident/6.0)\r\n
Action.c(6):     Accept-Encoding: gzip, deflate\r\n
Action.c(6):     Accept: */*\r\n
Action.c(6):     Connection: Keep-Alive\r\n
Action.c(6):     Host: www.dneonline.com\r\n
Action.c(6):     Content-Length: 291\r\n
Action.c(6):     \r\n
Action.c(6): t=38117ms: 291-byte request body for "http://www.dneonline.com/calculator.asmx" (RelFrameId=1, Internal ID=94)
Action.c(6):     <soapenv:Envelope xmlns:soapenv="http://schemas.xmlsoap.org/soap/envelope/" xmlns:tem="htt
Action.c(6):     p://tempuri.org/">\r\n
Action.c(6):        <soapenv:Header/>\r\n
Action.c(6):        <soapenv:Body>\r\n
Action.c(6):           <tem:Add>\r\n
Action.c(6):              <tem:intA>3</tem:intA>\r\n
Action.c(6):              <tem:intB>3</tem:intB>\r\n
Action.c(6):           </tem:Add>\r\n
Action.c(6):        </soapenv:Body>\r\n
Action.c(6):     </soapenv:Envelope>
Action.c(6): t=38156ms: 308-byte response headers for "http://www.dneonline.com/calculator.asmx" (RelFrameId=1, Internal ID=80)
Action.c(6):     HTTP/1.1 200 OK\r\n
Action.c(6):     Cache-Control: private, max-age=0\r\n
Action.c(6):     Content-Type: text/xml; charset=utf-8\r\n
Action.c(6):     Content-Encoding: gzip\r\n
Action.c(6):     Vary: Accept-Encoding\r\n
Action.c(6):     Server: Microsoft-IIS/10.0\r\n
Action.c(6):     X-AspNet-Version: 2.0.50727\r\n
Action.c(6):     X-Powered-By: ASP.NET\r\n
Action.c(6):     X-Powered-By-Plesk: PleskWin\r\n
Action.c(6):     Date: Sat, 12 Aug 2023 12:59:07 GMT\r\n
Action.c(6):     Content-Length: 348\r\n
Action.c(6):     \r\n
Action.c(6): t=38157ms: 348-byte ENCODED response body received for "http://www.dneonline.com/calculator.asmx" (RelFrameId=1, Internal ID=80)
Action.c(6): t=38157ms: 325-byte DECODED response body for "http://www.dneonline.com/calculator.asmx" (RelFrameId=1, Internal ID=80)
Action.c(6):     <?xml version="1.0" encoding="utf-8"?><soap:Envelope xmlns:soap="http://schemas.xmlsoap.or
Action.c(6):     g/soap/envelope/" xmlns:xsi="http://www.w3.org/2001/XMLSchema-instance" xmlns:xsd="http://
Action.c(6):     www.w3.org/2001/XMLSchema"><soap:Body><AddResponse xmlns="http://tempuri.org/"><AddResult>
Action.c(6):     6</AddResult></AddResponse></soap:Body></soap:Envelope>
Action.c(6): HTML parsing not performed for Content-Type "text/xml" ("ParseHtmlContentType" Runtime Setting is "TEXT"). URL="http://www.dneonline.com/calculator.asmx"  	[MsgId: MMSG-26547]
Action.c(6): t=38157ms: Request done "http://www.dneonline.com/calculator.asmx"  	[MsgId: MMSG-26000]
Action.c(6): web_custom_request("web_custom_request1") was successful, 348 body bytes, 308 header bytes  	[MsgId: MMSG-26386]
Action.c(25): Notify: Transaction "1" ended with a "Pass" status (Duration: 0.4407).	[MsgId: MMSG-16873]
Ending action Action.	[MsgId: MMSG-15918]
Action was aborted.	[MsgId: MMSG-10694]
Ending Vuser...	[MsgId: MMSG-15966]
Starting action vuser_end.	[MsgId: MMSG-15919]
Ending action vuser_end.	[MsgId: MMSG-15918]
Vuser Terminated.	[MsgId: MMSG-15963]
t=38158ms: Closed connection [0] to www.dneonline.com:80 after completing 1 request(s)  	[MsgId: MMSG-26000]
HTML-Mode memory management statistics: Reusable=0, NonReusable=0, CsMemBlockSize=4096, checks disabled  	[MsgId: MMSG-26000]
Vuser 2 (thread 5132), ended OK."	[MsgId: MMSG-10695]
Action.c(6): t=38255ms: Connected socket [0] from 192.168.0.128:54696 to 50.62.168.5:80 in 283 ms  	[MsgId: MMSG-26000]
Action.c(6): t=38255ms: 276-byte request headers for "http://www.dneonline.com/calculator.asmx" (RelFrameId=1, Internal ID=89)
Action.c(6):     POST /calculator.asmx HTTP/1.1\r\n
Action.c(6):     Content-Type: text/xml\r\n
Action.c(6):     Cache-Control: no-cache\r\n
Action.c(6):     User-Agent: Mozilla/5.0 (compatible; MSIE 10.0; Windows NT 6.1; Trident/6.0)\r\n
Action.c(6):     Accept-Encoding: gzip, deflate\r\n
Action.c(6):     Accept: */*\r\n
Action.c(6):     Connection: Keep-Alive\r\n
Action.c(6):     Host: www.dneonline.com\r\n
Action.c(6):     Content-Length: 291\r\n
Action.c(6):     \r\n
Action.c(6): t=38256ms: 291-byte request body for "http://www.dneonline.com/calculator.asmx" (RelFrameId=1, Internal ID=89)
Action.c(6):     <soapenv:Envelope xmlns:soapenv="http://schemas.xmlsoap.org/soap/envelope/" xmlns:tem="htt
Action.c(6):     p://tempuri.org/">\r\n
Action.c(6):        <soapenv:Header/>\r\n
Action.c(6):        <soapenv:Body>\r\n
Action.c(6):           <tem:Add>\r\n
Action.c(6):              <tem:intA>3</tem:intA>\r\n
Action.c(6):              <tem:intB>3</tem:intB>\r\n
Action.c(6):           </tem:Add>\r\n
Action.c(6):        </soapenv:Body>\r\n
Action.c(6):     </soapenv:Envelope>
Action.c(6): t=38260ms: Connected socket [0] from 192.168.0.128:54695 to 50.62.168.5:80 in 291 ms  	[MsgId: MMSG-26000]
Action.c(6): t=38262ms: 276-byte request headers for "http://www.dneonline.com/calculator.asmx" (RelFrameId=1, Internal ID=93)
Action.c(6):     POST /calculator.asmx HTTP/1.1\r\n
Action.c(6):     Content-Type: text/xml\r\n
Action.c(6):     Cache-Control: no-cache\r\n
Action.c(6):     User-Agent: Mozilla/5.0 (compatible; MSIE 10.0; Windows NT 6.1; Trident/6.0)\r\n
Action.c(6):     Accept-Encoding: gzip, deflate\r\n
Action.c(6):     Accept: */*\r\n
Action.c(6):     Connection: Keep-Alive\r\n
Action.c(6):     Host: www.dneonline.com\r\n
Action.c(6):     Content-Length: 291\r\n
Action.c(6):     \r\n
Action.c(6): t=38263ms: 291-byte request body for "http://www.dneonline.com/calculator.asmx" (RelFrameId=1, Internal ID=93)
Action.c(6):     <soapenv:Envelope xmlns:soapenv="http://schemas.xmlsoap.org/soap/envelope/" xmlns:tem="htt
Action.c(6):     p://tempuri.org/">\r\n
Action.c(6):        <soapenv:Header/>\r\n
Action.c(6):        <soapenv:Body>\r\n
Action.c(6):           <tem:Add>\r\n
Action.c(6):              <tem:intA>3</tem:intA>\r\n
Action.c(6):              <tem:intB>3</tem:intB>\r\n
Action.c(6):           </tem:Add>\r\n
Action.c(6):        </soapenv:Body>\r\n
Action.c(6):     </soapenv:Envelope>
Action.c(6): t=38294ms: 308-byte response headers for "http://www.dneonline.com/calculator.asmx" (RelFrameId=1, Internal ID=88)
Action.c(6):     HTTP/1.1 200 OK\r\n
Action.c(6):     Cache-Control: private, max-age=0\r\n
Action.c(6):     Content-Type: text/xml; charset=utf-8\r\n
Action.c(6):     Content-Encoding: gzip\r\n
Action.c(6):     Vary: Accept-Encoding\r\n
Action.c(6):     Server: Microsoft-IIS/10.0\r\n
Action.c(6):     X-AspNet-Version: 2.0.50727\r\n
Action.c(6):     X-Powered-By: ASP.NET\r\n
Action.c(6):     X-Powered-By-Plesk: PleskWin\r\n
Action.c(6):     Date: Sat, 12 Aug 2023 12:59:07 GMT\r\n
Action.c(6):     Content-Length: 348\r\n
Action.c(6):     \r\n
Action.c(6): t=38301ms: 348-byte ENCODED response body received for "http://www.dneonline.com/calculator.asmx" (RelFrameId=1, Internal ID=88)
Action.c(6): t=38302ms: 325-byte DECODED response body for "http://www.dneonline.com/calculator.asmx" (RelFrameId=1, Internal ID=88)
Action.c(6):     <?xml version="1.0" encoding="utf-8"?><soap:Envelope xmlns:soap="http://schemas.xmlsoap.or
Action.c(6):     g/soap/envelope/" xmlns:xsi="http://www.w3.org/2001/XMLSchema-instance" xmlns:xsd="http://
Action.c(6):     www.w3.org/2001/XMLSchema"><soap:Body><AddResponse xmlns="http://tempuri.org/"><AddResult>
Action.c(6):     6</AddResult></AddResponse></soap:Body></soap:Envelope>
Action.c(6): HTML parsing not performed for Content-Type "text/xml" ("ParseHtmlContentType" Runtime Setting is "TEXT"). URL="http://www.dneonline.com/calculator.asmx"  	[MsgId: MMSG-26547]
Action.c(6): t=38304ms: Request done "http://www.dneonline.com/calculator.asmx"  	[MsgId: MMSG-26000]
Action.c(6): web_custom_request("web_custom_request1") was successful, 348 body bytes, 308 header bytes  	[MsgId: MMSG-26386]
Action.c(25): Notify: Transaction "1" ended with a "Pass" status (Duration: 0.4131).	[MsgId: MMSG-16873]
Ending action Action.	[MsgId: MMSG-15918]
Action was aborted.	[MsgId: MMSG-10694]
Ending Vuser...	[MsgId: MMSG-15966]
Starting action vuser_end.	[MsgId: MMSG-15919]
Ending action vuser_end.	[MsgId: MMSG-15918]
Vuser Terminated.	[MsgId: MMSG-15963]
t=38305ms: Closed connection [0] to www.dneonline.com:80 after completing 1 request(s)  	[MsgId: MMSG-26000]
HTML-Mode memory management statistics: Reusable=0, NonReusable=0, CsMemBlockSize=4096, checks disabled  	[MsgId: MMSG-26000]
Vuser 1 (thread 8220), ended OK."	[MsgId: MMSG-10695]
Action.c(6): t=38323ms: 308-byte response headers for "http://www.dneonline.com/calculator.asmx" (RelFrameId=1, Internal ID=94)
Action.c(6):     HTTP/1.1 200 OK\r\n
Action.c(6):     Cache-Control: private, max-age=0\r\n
Action.c(6):     Content-Type: text/xml; charset=utf-8\r\n
Action.c(6):     Content-Encoding: gzip\r\n
Action.c(6):     Vary: Accept-Encoding\r\n
Action.c(6):     Server: Microsoft-IIS/10.0\r\n
Action.c(6):     X-AspNet-Version: 2.0.50727\r\n
Action.c(6):     X-Powered-By: ASP.NET\r\n
Action.c(6):     X-Powered-By-Plesk: PleskWin\r\n
Action.c(6):     Date: Sat, 12 Aug 2023 12:59:07 GMT\r\n
Action.c(6):     Content-Length: 348\r\n
Action.c(6):     \r\n
Action.c(6): t=38323ms: 348-byte ENCODED response body received for "http://www.dneonline.com/calculator.asmx" (RelFrameId=1, Internal ID=94)
Action.c(6): t=38324ms: 325-byte DECODED response body for "http://www.dneonline.com/calculator.asmx" (RelFrameId=1, Internal ID=94)
Action.c(6):     <?xml version="1.0" encoding="utf-8"?><soap:Envelope xmlns:soap="http://schemas.xmlsoap.or
Action.c(6):     g/soap/envelope/" xmlns:xsi="http://www.w3.org/2001/XMLSchema-instance" xmlns:xsd="http://
Action.c(6):     www.w3.org/2001/XMLSchema"><soap:Body><AddResponse xmlns="http://tempuri.org/"><AddResult>
Action.c(6):     6</AddResult></AddResponse></soap:Body></soap:Envelope>
Action.c(6): HTML parsing not performed for Content-Type "text/xml" ("ParseHtmlContentType" Runtime Setting is "TEXT"). URL="http://www.dneonline.com/calculator.asmx"  	[MsgId: MMSG-26547]
Action.c(6): t=38324ms: Request done "http://www.dneonline.com/calculator.asmx"  	[MsgId: MMSG-26000]
Action.c(6): web_custom_request("web_custom_request1") was successful, 348 body bytes, 308 header bytes  	[MsgId: MMSG-26386]
Action.c(25): Notify: Transaction "1" ended with a "Pass" status (Duration: 0.4118).	[MsgId: MMSG-16873]
Ending action Action.	[MsgId: MMSG-15918]
Action was aborted.	[MsgId: MMSG-10694]
Ending Vuser...	[MsgId: MMSG-15966]
Starting action vuser_end.	[MsgId: MMSG-15919]
Ending action vuser_end.	[MsgId: MMSG-15918]
Vuser Terminated.	[MsgId: MMSG-15963]
t=38325ms: Closed connection [0] to www.dneonline.com:80 after completing 1 request(s)  	[MsgId: MMSG-26000]
HTML-Mode memory management statistics: Reusable=0, NonReusable=0, CsMemBlockSize=4096, checks disabled  	[MsgId: MMSG-26000]
Vuser 4 (thread 6200), ended OK."	[MsgId: MMSG-10695]
Action.c(6): t=38454ms: 308-byte response headers for "http://www.dneonline.com/calculator.asmx" (RelFrameId=1, Internal ID=89)
Action.c(6):     HTTP/1.1 200 OK\r\n
Action.c(6):     Cache-Control: private, max-age=0\r\n
Action.c(6):     Content-Type: text/xml; charset=utf-8\r\n
Action.c(6):     Content-Encoding: gzip\r\n
Action.c(6):     Vary: Accept-Encoding\r\n
Action.c(6):     Server: Microsoft-IIS/10.0\r\n
Action.c(6):     X-AspNet-Version: 2.0.50727\r\n
Action.c(6):     X-Powered-By: ASP.NET\r\n
Action.c(6):     X-Powered-By-Plesk: PleskWin\r\n
Action.c(6):     Date: Sat, 12 Aug 2023 12:59:07 GMT\r\n
Action.c(6):     Content-Length: 348\r\n
Action.c(6):     \r\n
Action.c(6): t=38454ms: 348-byte ENCODED response body received for "http://www.dneonline.com/calculator.asmx" (RelFrameId=1, Internal ID=89)
Action.c(6): t=38455ms: 325-byte DECODED response body for "http://www.dneonline.com/calculator.asmx" (RelFrameId=1, Internal ID=89)
Action.c(6):     <?xml version="1.0" encoding="utf-8"?><soap:Envelope xmlns:soap="http://schemas.xmlsoap.or
Action.c(6):     g/soap/envelope/" xmlns:xsi="http://www.w3.org/2001/XMLSchema-instance" xmlns:xsd="http://
Action.c(6):     www.w3.org/2001/XMLSchema"><soap:Body><AddResponse xmlns="http://tempuri.org/"><AddResult>
Action.c(6):     6</AddResult></AddResponse></soap:Body></soap:Envelope>
Action.c(6): HTML parsing not performed for Content-Type "text/xml" ("ParseHtmlContentType" Runtime Setting is "TEXT"). URL="http://www.dneonline.com/calculator.asmx"  	[MsgId: MMSG-26547]
Action.c(6): t=38455ms: Request done "http://www.dneonline.com/calculator.asmx"  	[MsgId: MMSG-26000]
Action.c(6): web_custom_request("web_custom_request1") was successful, 348 body bytes, 308 header bytes  	[MsgId: MMSG-26386]
Action.c(25): Notify: Transaction "1" ended with a "Pass" status (Duration: 0.4848).	[MsgId: MMSG-16873]
Ending action Action.	[MsgId: MMSG-15918]
Action was aborted.	[MsgId: MMSG-10694]
Ending Vuser...	[MsgId: MMSG-15966]
Starting action vuser_end.	[MsgId: MMSG-15919]
Ending action vuser_end.	[MsgId: MMSG-15918]
Vuser Terminated.	[MsgId: MMSG-15963]
t=38460ms: Closed connection [0] to www.dneonline.com:80 after completing 1 request(s)  	[MsgId: MMSG-26000]
HTML-Mode memory management statistics: Reusable=0, NonReusable=0, CsMemBlockSize=4096, checks disabled  	[MsgId: MMSG-26000]
Vuser 5 (thread 8468), ended OK."	[MsgId: MMSG-10695]
Action.c(6): t=38594ms: 308-byte response headers for "http://www.dneonline.com/calculator.asmx" (RelFrameId=1, Internal ID=93)
Action.c(6):     HTTP/1.1 200 OK\r\n
Action.c(6):     Cache-Control: private, max-age=0\r\n
Action.c(6):     Content-Type: text/xml; charset=utf-8\r\n
Action.c(6):     Content-Encoding: gzip\r\n
Action.c(6):     Vary: Accept-Encoding\r\n
Action.c(6):     Server: Microsoft-IIS/10.0\r\n
Action.c(6):     X-AspNet-Version: 2.0.50727\r\n
Action.c(6):     X-Powered-By: ASP.NET\r\n
Action.c(6):     X-Powered-By-Plesk: PleskWin\r\n
Action.c(6):     Date: Sat, 12 Aug 2023 12:59:08 GMT\r\n
Action.c(6):     Content-Length: 348\r\n
Action.c(6):     \r\n
Action.c(6): t=38594ms: 348-byte ENCODED response body received for "http://www.dneonline.com/calculator.asmx" (RelFrameId=1, Internal ID=93)
Action.c(6): t=38595ms: 325-byte DECODED response body for "http://www.dneonline.com/calculator.asmx" (RelFrameId=1, Internal ID=93)
Action.c(6):     <?xml version="1.0" encoding="utf-8"?><soap:Envelope xmlns:soap="http://schemas.xmlsoap.or
Action.c(6):     g/soap/envelope/" xmlns:xsi="http://www.w3.org/2001/XMLSchema-instance" xmlns:xsd="http://
Action.c(6):     www.w3.org/2001/XMLSchema"><soap:Body><AddResponse xmlns="http://tempuri.org/"><AddResult>
Action.c(6):     6</AddResult></AddResponse></soap:Body></soap:Envelope>
Action.c(6): HTML parsing not performed for Content-Type "text/xml" ("ParseHtmlContentType" Runtime Setting is "TEXT"). URL="http://www.dneonline.com/calculator.asmx"  	[MsgId: MMSG-26547]
Action.c(6): t=38595ms: Request done "http://www.dneonline.com/calculator.asmx"  	[MsgId: MMSG-26000]
Action.c(6): web_custom_request("web_custom_request1") was successful, 348 body bytes, 308 header bytes  	[MsgId: MMSG-26386]
Action.c(25): Notify: Transaction "1" ended with a "Pass" status (Duration: 0.6320).	[MsgId: MMSG-16873]
Ending action Action.	[MsgId: MMSG-15918]
Action was aborted.	[MsgId: MMSG-10694]
Ending Vuser...	[MsgId: MMSG-15966]
Starting action vuser_end.	[MsgId: MMSG-15919]
Ending action vuser_end.	[MsgId: MMSG-15918]
Vuser Terminated.	[MsgId: MMSG-15963]
t=38596ms: Closed connection [0] to www.dneonline.com:80 after completing 1 request(s)  	[MsgId: MMSG-26000]
HTML-Mode memory management statistics: Reusable=0, NonReusable=0, CsMemBlockSize=4096, checks disabled  	[MsgId: MMSG-26000]
Vuser 0 (thread 11092), ended OK."	[MsgId: MMSG-10695]
